Compiling the CXX compiler identification source file "CMakeCXXCompilerId.cpp" failed.
Compiler: /Library/Developer/CommandLineTools/usr/bin/c++ 
Build flags: 
Id flags:  

The output was:
1
ld: library not found for -lc++
clang: error: linker command failed with exit code 1 (use -v to see invocation)


Performing C++ SOURCE FILE Test CXXFLAG_WCAST_ALIGN_STRICT_OKAY failed with the following output:
Change Dir: /Users/thomasli/Desktop/cs211/final_project/cmake-build-debug/CMakeFiles/CMakeTmp

Run Build Command(s):/usr/bin/make -f Makefile cmTC_edf37/fast && /Library/Developer/CommandLineTools/usr/bin/make  -f CMakeFiles/cmTC_edf37.dir/build.make CMakeFiles/cmTC_edf37.dir/build
Building CXX object CMakeFiles/cmTC_edf37.dir/src.cxx.o
/Library/Developer/CommandLineTools/usr/bin/c++ -DCXXFLAG_WCAST_ALIGN_STRICT_OKAY  -arch arm64 -isysroot /Library/Developer/CommandLineTools/SDKs/MacOSX12.1.sdk -mmacosx-version-min=11.5   -Wcast-align=strict -MD -MT CMakeFiles/cmTC_edf37.dir/src.cxx.o -MF CMakeFiles/cmTC_edf37.dir/src.cxx.o.d -o CMakeFiles/cmTC_edf37.dir/src.cxx.o -c /Users/thomasli/Desktop/cs211/final_project/cmake-build-debug/CMakeFiles/CMakeTmp/src.cxx
warning: unknown warning option '-Wcast-align=strict'; did you mean '-Wcast-align'? [-Wunknown-warning-option]
1 warning generated.
Linking CXX executable cmTC_edf37
/Applications/CLion.app/Contents/bin/cmake/mac/bin/cmake -E cmake_link_script CMakeFiles/cmTC_edf37.dir/link.txt --verbose=1
/Library/Developer/CommandLineTools/usr/bin/c++  -arch arm64 -isysroot /Library/Developer/CommandLineTools/SDKs/MacOSX12.1.sdk -mmacosx-version-min=11.5 -Wl,-search_paths_first -Wl,-headerpad_max_install_names CMakeFiles/cmTC_edf37.dir/src.cxx.o -o cmTC_edf37 


Source file was:
int main() { return 0; }
Performing C++ SOURCE FILE Test CXXFLAG_WERROR_BOOL_COMPARE_OKAY failed with the following output:
Change Dir: /Users/thomasli/Desktop/cs211/final_project/cmake-build-debug/CMakeFiles/CMakeTmp

Run Build Command(s):/usr/bin/make -f Makefile cmTC_a3fa2/fast && /Library/Developer/CommandLineTools/usr/bin/make  -f CMakeFiles/cmTC_a3fa2.dir/build.make CMakeFiles/cmTC_a3fa2.dir/build
Building CXX object CMakeFiles/cmTC_a3fa2.dir/src.cxx.o
/Library/Developer/CommandLineTools/usr/bin/c++ -DCXXFLAG_WERROR_BOOL_COMPARE_OKAY  -arch arm64 -isysroot /Library/Developer/CommandLineTools/SDKs/MacOSX12.1.sdk -mmacosx-version-min=11.5   -Werror=bool-compare -MD -MT CMakeFiles/cmTC_a3fa2.dir/src.cxx.o -MF CMakeFiles/cmTC_a3fa2.dir/src.cxx.o.d -o CMakeFiles/cmTC_a3fa2.dir/src.cxx.o -c /Users/thomasli/Desktop/cs211/final_project/cmake-build-debug/CMakeFiles/CMakeTmp/src.cxx
warning: unknown warning option '-Werror=bool-compare' [-Wunknown-warning-option]
1 warning generated.
Linking CXX executable cmTC_a3fa2
/Applications/CLion.app/Contents/bin/cmake/mac/bin/cmake -E cmake_link_script CMakeFiles/cmTC_a3fa2.dir/link.txt --verbose=1
/Library/Developer/CommandLineTools/usr/bin/c++  -arch arm64 -isysroot /Library/Developer/CommandLineTools/SDKs/MacOSX12.1.sdk -mmacosx-version-min=11.5 -Wl,-search_paths_first -Wl,-headerpad_max_install_names CMakeFiles/cmTC_a3fa2.dir/src.cxx.o -o cmTC_a3fa2 


Source file was:
int main() { return 0; }
